Build started 15-4-2011 10:43:31.
     1>Project "C:\SPEEK\svox pico\dev\popt\popt.vcxproj" on node 3 (rebuild target(s)).
     1>_PrepareForClean:
         Deleting file "popt.dir\Debug\popt.lastbuildstate".
       InitializeBuildStatus:
         Creating "popt.dir\Debug\popt.unsuccessfulbuild" because "AlwaysCreate" was specified.
       CustomBuild:
         Building Custom Rule C:/SPEEK/svox pico/dev/popt/CMakeLists.txt
         CMake does not need to re-run because C:\SPEEK\svox pico\dev\popt\CMakeFiles\generate.stamp is up-to-date.
       ClCompile:
         C:\Program Files (x86)\Microsoft Visual Studio 10.0\VC\bin\x86_amd64\CL.exe /c /I"C:/SPEEK/svox pico/dev/popt" /Zi /nologo /W3 /WX- /Od /Ob0 /D WIN32 /D _WINDOWS /D _DEBUG /D HAVE_CONFIG_H /D "CMAKE_INTDIR=\"Debug\"" /D _MBCS /Gm- /RTC1 /MDd /GS /fp:precise /Zc:wchar_t /Zc:forScope /Fo"popt.dir\Debug\\" /Fd"C:/SPEEK/svox pico/dev/popt/Debug/popt.pdb" /Gd /TC /errorReport:prompt popt.c poptparse.c poptconfig.c popthelp.c poptint.c  /Zm1000 
         popt.c
     1>popt.c(221): warning C4996: 'getenv': This function or variable may be unsafe. Consider using _dupenv_s instead. To disable deprecation, use _CRT_SECURE_NO_WARNINGS. See online help for details.
                 C:\Program Files (x86)\Microsoft Visual Studio 10.0\VC\include\stdlib.h(433) : see declaration of 'getenv'
     1>popt.c(288): warning C4267: '=' : conversion from 'size_t' to 'int', possible loss of data
     1>popt.c(312): warning C4090: 'function' : different 'const' qualifiers
     1>popt.c(315): warning C4267: '=' : conversion from 'size_t' to 'int', possible loss of data
     1>popt.c(443): warning C4090: 'function' : different 'const' qualifiers
     1>popt.c(470): warning C4996: 'getenv': This function or variable may be unsafe. Consider using _dupenv_s instead. To disable deprecation, use _CRT_SECURE_NO_WARNINGS. See online help for details.
                 C:\Program Files (x86)\Microsoft Visual Studio 10.0\VC\include\stdlib.h(433) : see declaration of 'getenv'
     1>popt.c(538): warning C4090: 'function' : different 'const' qualifiers
     1>popt.c(543): warning C4090: 'function' : different 'const' qualifiers
     1>popt.c(544): warning C4267: '+=' : conversion from 'size_t' to 'int', possible loss of data
     1>popt.c(548): warning C4090: 'function' : different 'const' qualifiers
     1>popt.c(591): warning C4013: '_execvp' undefined; assuming extern returning int
     1>popt.c(598): warning C4090: 'function' : different 'const' qualifiers
     1>popt.c(830): warning C4267: 'initializing' : conversion from 'size_t' to 'uint32_t', possible loss of data
     1>popt.c(850): warning C4267: 'initializing' : conversion from 'size_t' to 'uint32_t', possible loss of data
     1>popt.c(883): warning C4267: 'initializing' : conversion from 'size_t' to 'uint32_t', possible loss of data
     1>popt.c(1001): warning C4090: 'function' : different 'const' qualifiers
     1>popt.c(1456): warning C4267: 'function' : conversion from 'size_t' to 'int', possible loss of data
     1>popt.c(1663): warning C4090: 'function' : different 'const' qualifiers
     1>popt.c(1772): warning C4267: 'function' : conversion from 'size_t' to 'int', possible loss of data
     1>popt.c(1890): warning C4996: 'strerror': This function or variable may be unsafe. Consider using strerror_s instead. To disable deprecation, use _CRT_SECURE_NO_WARNINGS. See online help for details.
                 C:\Program Files (x86)\Microsoft Visual Studio 10.0\VC\include\string.h(157) : see declaration of 'strerror'
         poptparse.c
     1>poptparse.c(124): warning C4090: 'function' : different 'const' qualifiers
     1>poptparse.c(230): warning C4996: 'strcat': This function or variable may be unsafe. Consider using strcat_s instead. To disable deprecation, use _CRT_SECURE_NO_WARNINGS. See online help for details.
                 C:\Program Files (x86)\Microsoft Visual Studio 10.0\VC\include\string.h(110) : see declaration of 'strcat'
     1>poptparse.c(231): warning C4996: 'strcat': This function or variable may be unsafe. Consider using strcat_s instead. To disable deprecation, use _CRT_SECURE_NO_WARNINGS. See online help for details.
                 C:\Program Files (x86)\Microsoft Visual Studio 10.0\VC\include\string.h(110) : see declaration of 'strcat'
     1>poptparse.c(260): warning C4996: 'strcat': This function or variable may be unsafe. Consider using strcat_s instead. To disable deprecation, use _CRT_SECURE_NO_WARNINGS. See online help for details.
                 C:\Program Files (x86)\Microsoft Visual Studio 10.0\VC\include\string.h(110) : see declaration of 'strcat'
     1>poptparse.c(261): warning C4996: 'strcat': This function or variable may be unsafe. Consider using strcat_s instead. To disable deprecation, use _CRT_SECURE_NO_WARNINGS. See online help for details.
                 C:\Program Files (x86)\Microsoft Visual Studio 10.0\VC\include\string.h(110) : see declaration of 'strcat'
     1>poptparse.c(262): warning C4996: 'strcat': This function or variable may be unsafe. Consider using strcat_s instead. To disable deprecation, use _CRT_SECURE_NO_WARNINGS. See online help for details.
                 C:\Program Files (x86)\Microsoft Visual Studio 10.0\VC\include\string.h(110) : see declaration of 'strcat'
     1>poptparse.c(263): warning C4996: 'strcat': This function or variable may be unsafe. Consider using strcat_s instead. To disable deprecation, use _CRT_SECURE_NO_WARNINGS. See online help for details.
                 C:\Program Files (x86)\Microsoft Visual Studio 10.0\VC\include\string.h(110) : see declaration of 'strcat'
     1>poptparse.c(264): warning C4996: 'strcat': This function or variable may be unsafe. Consider using strcat_s instead. To disable deprecation, use _CRT_SECURE_NO_WARNINGS. See online help for details.
                 C:\Program Files (x86)\Microsoft Visual Studio 10.0\VC\include\string.h(110) : see declaration of 'strcat'
         poptconfig.c
     1>poptconfig.c(167): warning C4996: '_open': This function or variable may be unsafe. Consider using _sopen_s instead. To disable deprecation, use _CRT_SECURE_NO_WARNINGS. See online help for details.
                 C:\Program Files (x86)\Microsoft Visual Studio 10.0\VC\include\io.h(235) : see declaration of '_open'
     1>poptconfig.c(535): warning C4996: 'getenv': This function or variable may be unsafe. Consider using _dupenv_s instead. To disable deprecation, use _CRT_SECURE_NO_WARNINGS. See online help for details.
                 C:\Program Files (x86)\Microsoft Visual Studio 10.0\VC\include\stdlib.h(433) : see declaration of 'getenv'
     1>poptconfig.c(498): warning C4101: 'sb' : unreferenced local variable
         popthelp.c
     1>popthelp.c(152): warning C4996: 'mbsrtowcs': This function or variable may be unsafe. Consider using mbsrtowcs_s instead. To disable deprecation, use _CRT_SECURE_NO_WARNINGS. See online help for details.
                 C:\Program Files (x86)\Microsoft Visual Studio 10.0\VC\include\wchar.h(1169) : see declaration of 'mbsrtowcs'
     1>popthelp.c(259): warning C4996: 'sprintf': This function or variable may be unsafe. Consider using sprintf_s instead. To disable deprecation, use _CRT_SECURE_NO_WARNINGS. See online help for details.
                 C:\Program Files (x86)\Microsoft Visual Studio 10.0\VC\include\stdio.h(371) : see declaration of 'sprintf'
     1>popthelp.c(262): warning C4996: 'sprintf': This function or variable may be unsafe. Consider using sprintf_s instead. To disable deprecation, use _CRT_SECURE_NO_WARNINGS. See online help for details.
                 C:\Program Files (x86)\Microsoft Visual Studio 10.0\VC\include\stdio.h(371) : see declaration of 'sprintf'
     1>popthelp.c(265): warning C4996: 'sprintf': This function or variable may be unsafe. Consider using sprintf_s instead. To disable deprecation, use _CRT_SECURE_NO_WARNINGS. See online help for details.
                 C:\Program Files (x86)\Microsoft Visual Studio 10.0\VC\include\stdio.h(371) : see declaration of 'sprintf'
     1>popthelp.c(268): warning C4996: 'sprintf': This function or variable may be unsafe. Consider using sprintf_s instead. To disable deprecation, use _CRT_SECURE_NO_WARNINGS. See online help for details.
                 C:\Program Files (x86)\Microsoft Visual Studio 10.0\VC\include\stdio.h(371) : see declaration of 'sprintf'
     1>popthelp.c(272): warning C4996: 'sprintf': This function or variable may be unsafe. Consider using sprintf_s instead. To disable deprecation, use _CRT_SECURE_NO_WARNINGS. See online help for details.
                 C:\Program Files (x86)\Microsoft Visual Studio 10.0\VC\include\stdio.h(371) : see declaration of 'sprintf'
     1>popthelp.c(275): warning C4996: 'sprintf': This function or variable may be unsafe. Consider using sprintf_s instead. To disable deprecation, use _CRT_SECURE_NO_WARNINGS. See online help for details.
                 C:\Program Files (x86)\Microsoft Visual Studio 10.0\VC\include\stdio.h(371) : see declaration of 'sprintf'
     1>popthelp.c(278): warning C4996: 'sprintf': This function or variable may be unsafe. Consider using sprintf_s instead. To disable deprecation, use _CRT_SECURE_NO_WARNINGS. See online help for details.
                 C:\Program Files (x86)\Microsoft Visual Studio 10.0\VC\include\stdio.h(371) : see declaration of 'sprintf'
     1>popthelp.c(281): warning C4996: 'sprintf': This function or variable may be unsafe. Consider using sprintf_s instead. To disable deprecation, use _CRT_SECURE_NO_WARNINGS. See online help for details.
                 C:\Program Files (x86)\Microsoft Visual Studio 10.0\VC\include\stdio.h(371) : see declaration of 'sprintf'
     1>popthelp.c(291): warning C4996: 'strncpy': This function or variable may be unsafe. Consider using strncpy_s instead. To disable deprecation, use _CRT_SECURE_NO_WARNINGS. See online help for details.
                 C:\Program Files (x86)\Microsoft Visual Studio 10.0\VC\include\string.h(188) : see declaration of 'strncpy'
     1>popthelp.c(397): warning C4996: 'strcpy': This function or variable may be unsafe. Consider using strcpy_s instead. To disable deprecation, use _CRT_SECURE_NO_WARNINGS. See online help for details.
                 C:\Program Files (x86)\Microsoft Visual Studio 10.0\VC\include\string.h(105) : see declaration of 'strcpy'
     1>popthelp.c(501): warning C4996: 'sprintf': This function or variable may be unsafe. Consider using sprintf_s instead. To disable deprecation, use _CRT_SECURE_NO_WARNINGS. See online help for details.
                 C:\Program Files (x86)\Microsoft Visual Studio 10.0\VC\include\stdio.h(371) : see declaration of 'sprintf'
     1>popthelp.c(622): warning C4267: 'function' : conversion from 'size_t' to 'int', possible loss of data
     1>popthelp.c(927): warning C4267: 'function' : conversion from 'size_t' to 'int', possible loss of data
     1>popthelp.c(937): warning C4090: 'function' : different 'const' qualifiers
         poptint.c
     1>poptint.c(179): warning C4996: 'vsnprintf': This function or variable may be unsafe. Consider using vsnprintf_s instead. To disable deprecation, use _CRT_SECURE_NO_WARNINGS. See online help for details.
                 C:\Program Files (x86)\Microsoft Visual Studio 10.0\VC\include\stdio.h(354) : see declaration of 'vsnprintf'
         Generating Code...
       Lib:
         C:\Program Files (x86)\Microsoft Visual Studio 10.0\VC\bin\x86_amd64\Lib.exe /OUT:"C:\SPEEK\svox pico\dev\popt\Debug\popt.lib" /NOLOGO popt.dir\Debug\popt.obj
         popt.dir\Debug\poptparse.obj
         popt.dir\Debug\poptconfig.obj
         popt.dir\Debug\popthelp.obj
         popt.dir\Debug\poptint.obj
         popt.vcxproj -> C:\SPEEK\svox pico\dev\popt\Debug\popt.lib
       FinalizeBuildStatus:
         Deleting file "popt.dir\Debug\popt.unsuccessfulbuild".
         Touching "popt.dir\Debug\popt.lastbuildstate".
     1>Done Building Project "C:\SPEEK\svox pico\dev\popt\popt.vcxproj" (rebuild target(s)).

Build succeeded.

Time Elapsed 00:00:00.60
