Build started 15-4-2011 10:43:32.
     1>Project "C:\SPEEK\svox pico\dev\popt\tdict.vcxproj" on node 3 (rebuild target(s)).
     1>_PrepareForClean:
         Deleting file "tdict.dir\Debug\tdict.lastbuildstate".
       InitializeBuildStatus:
         Creating "tdict.dir\Debug\tdict.unsuccessfulbuild" because "AlwaysCreate" was specified.
       CustomBuild:
         Building Custom Rule C:/SPEEK/svox pico/dev/popt/CMakeLists.txt
         CMake does not need to re-run because C:\SPEEK\svox pico\dev\popt\CMakeFiles\generate.stamp is up-to-date.
       ClCompile:
         C:\Program Files (x86)\Microsoft Visual Studio 10.0\VC\bin\x86_amd64\CL.exe /c /I"C:/SPEEK/svox pico/dev/popt" /Zi /nologo /W3 /WX- /Od /Ob0 /D WIN32 /D _WINDOWS /D _DEBUG /D HAVE_CONFIG_H /D "CMAKE_INTDIR=\"Debug\"" /D _MBCS /Gm- /RTC1 /MDd /GS /fp:precise /Zc:wchar_t /Zc:forScope /Fo"tdict.dir\Debug\\" /Fd"C:/SPEEK/svox pico/dev/popt/Debug/tdict.pdb" /Gd /TC /errorReport:prompt tdict.c  /Zm1000 
         tdict.c
     1>tdict.c(19): warning C4996: 'fopen': This function or variable may be unsafe. Consider using fopen_s instead. To disable deprecation, use _CRT_SECURE_NO_WARNINGS. See online help for details.
                 C:\Program Files (x86)\Microsoft Visual Studio 10.0\VC\include\stdio.h(234) : see declaration of 'fopen'
     1>tdict.c(26): warning C4267: 'function' : conversion from 'size_t' to 'int', possible loss of data
       ManifestResourceCompile:
         C:\Program Files (x86)\Microsoft SDKs\Windows\v7.0A\bin\rc.exe /nologo /fo"tdict.dir\Debug\tdict.exe.embed.manifest.res" tdict.dir\Debug\tdict_manifest.rc 
       Link:
         C:\Program Files (x86)\Microsoft Visual Studio 10.0\VC\bin\x86_amd64\link.exe /ERRORREPORT:PROMPT /OUT:"C:\SPEEK\svox pico\dev\popt\Debug\tdict.exe" /VERSION:"0.0" /INCREMENTAL /NOLOGO kernel32.lib user32.lib gdi32.lib winspool.lib shell32.lib ole32.lib oleaut32.lib uuid.lib comdlg32.lib advapi32.lib Debug\popt.lib /MANIFEST /ManifestFile:"tdict.dir\Debug\tdict.exe.intermediate.manifest" /MANIFESTUAC:"level='asInvoker' uiAccess='false'" /DEBUG /PDB:"C:\SPEEK\svox pico\dev\popt\Debug\tdict.pdb" /SUBSYSTEM:CONSOLE /STACK:"10000000" /TLBID:1 /DYNAMICBASE /NXCOMPAT /IMPLIB:"C:/SPEEK/svox pico/dev/popt/Debug/tdict.lib" /MACHINE:X64 tdict.dir\Debug\tdict.exe.embed.manifest.res
         tdict.dir\Debug\tdict.obj  /machine:x64 /debug 
         tdict.vcxproj -> C:\SPEEK\svox pico\dev\popt\Debug\tdict.exe
       Manifest:
         Deleting file "tdict.dir\Debug\tdict.exe.embed.manifest".
         C:\Program Files (x86)\Microsoft SDKs\Windows\v7.0A\bin\mt.exe /nologo /verbose /out:"tdict.dir\Debug\tdict.exe.embed.manifest" /manifest tdict.dir\Debug\tdict.exe.intermediate.manifest
         C:\Program Files (x86)\Microsoft SDKs\Windows\v7.0A\bin\rc.exe /nologo /fo"tdict.dir\Debug\tdict.exe.embed.manifest.res" tdict.dir\Debug\tdict_manifest.rc 
       LinkEmbedManifest:
         C:\Program Files (x86)\Microsoft Visual Studio 10.0\VC\bin\x86_amd64\link.exe /ERRORREPORT:PROMPT /OUT:"C:\SPEEK\svox pico\dev\popt\Debug\tdict.exe" /VERSION:"0.0" /INCREMENTAL /NOLOGO kernel32.lib user32.lib gdi32.lib winspool.lib shell32.lib ole32.lib oleaut32.lib uuid.lib comdlg32.lib advapi32.lib Debug\popt.lib /MANIFEST /ManifestFile:"tdict.dir\Debug\tdict.exe.intermediate.manifest" /MANIFESTUAC:"level='asInvoker' uiAccess='false'" /DEBUG /PDB:"C:\SPEEK\svox pico\dev\popt\Debug\tdict.pdb" /SUBSYSTEM:CONSOLE /STACK:"10000000" /TLBID:1 /DYNAMICBASE /NXCOMPAT /IMPLIB:"C:/SPEEK/svox pico/dev/popt/Debug/tdict.lib" /MACHINE:X64 tdict.dir\Debug\tdict.exe.embed.manifest.res
         tdict.dir\Debug\tdict.obj  /machine:x64 /debug 
         tdict.vcxproj -> C:\SPEEK\svox pico\dev\popt\Debug\tdict.exe
       FinalizeBuildStatus:
         Deleting file "tdict.dir\Debug\tdict.unsuccessfulbuild".
         Touching "tdict.dir\Debug\tdict.lastbuildstate".
     1>Done Building Project "C:\SPEEK\svox pico\dev\popt\tdict.vcxproj" (rebuild target(s)).

Build succeeded.

Time Elapsed 00:00:01.35
