C:\SPEEK\SVOX PICO\DEV\POPT\CMAKEFILES\GENERATE.STAMP
C:\SPEEK\SVOX PICO\DEV\POPT\DEBUG\TDICT.EXE
C:\SPEEK\SVOX PICO\DEV\POPT\DEBUG\TDICT.ILK
C:\SPEEK\SVOX PICO\DEV\POPT\DEBUG\TDICT.PDB
C:\SPEEK\svox pico\dev\POPT\tdict.dir\Debug\cl.command.1.tlog
C:\SPEEK\svox pico\dev\POPT\tdict.dir\Debug\CL.read.1.tlog
C:\SPEEK\svox pico\dev\POPT\tdict.dir\Debug\CL.write.1.tlog
C:\SPEEK\svox pico\dev\POPT\tdict.dir\Debug\custombuild.command.1.tlog
C:\SPEEK\svox pico\dev\POPT\tdict.dir\Debug\custombuild.read.1.tlog
C:\SPEEK\svox pico\dev\POPT\tdict.dir\Debug\custombuild.write.1.tlog
C:\SPEEK\svox pico\dev\POPT\tdict.dir\Debug\link.4272.read.1.tlog
C:\SPEEK\svox pico\dev\POPT\tdict.dir\Debug\link.4272.write.1.tlog
C:\SPEEK\svox pico\dev\POPT\tdict.dir\Debug\link.4272-cvtres.read.1.tlog
C:\SPEEK\svox pico\dev\POPT\tdict.dir\Debug\link.4272-cvtres.write.1.tlog
C:\SPEEK\svox pico\dev\POPT\tdict.dir\Debug\link.command.1.tlog
C:\SPEEK\svox pico\dev\POPT\tdict.dir\Debug\link.read.1.tlog
C:\SPEEK\svox pico\dev\POPT\tdict.dir\Debug\link.write.1.tlog
C:\SPEEK\svox pico\dev\POPT\tdict.dir\Debug\link-cvtres.read.1.tlog
C:\SPEEK\svox pico\dev\POPT\tdict.dir\Debug\link-cvtres.write.1.tlog
C:\SPEEK\svox pico\dev\POPT\tdict.dir\Debug\mt.command.1.tlog
C:\SPEEK\svox pico\dev\POPT\tdict.dir\Debug\mt.read.1.tlog
C:\SPEEK\svox pico\dev\POPT\tdict.dir\Debug\mt.write.1.tlog
C:\SPEEK\svox pico\dev\POPT\tdict.dir\Debug\rc.command.1.tlog
C:\SPEEK\svox pico\dev\POPT\tdict.dir\Debug\rc.read.1.tlog
C:\SPEEK\svox pico\dev\POPT\tdict.dir\Debug\rc.write.1.tlog
C:\SPEEK\SVOX PICO\DEV\POPT\TDICT.DIR\DEBUG\TDICT.EXE.EMBED.MANIFEST
C:\SPEEK\SVOX PICO\DEV\POPT\TDICT.DIR\DEBUG\TDICT.EXE.EMBED.MANIFEST.RES
C:\SPEEK\SVOX PICO\DEV\POPT\TDICT.DIR\DEBUG\TDICT.EXE.INTERMEDIATE.MANIFEST
C:\SPEEK\SVOX PICO\DEV\POPT\TDICT.DIR\DEBUG\TDICT.OBJ
C:\SPEEK\svox pico\dev\POPT\tdict.dir\Debug\tdict.write.1.tlog
C:\SPEEK\svox pico\dev\POPT\tdict.dir\Debug\tdict_manifest.rc
